2025-05-25 20:11:44,414 | ERROR | Exception on /admin/settings [GET]
Traceback (most recent call last):
  File "C:\Users\Root\AppData\Roaming\Python\Python312\site-packages\flask\app.py", line 1511, in wsgi_app
    response = self.full_dispatch_request()
               ^^^^^^^^^^^^^^^^^^^^^^^^^^^^
  File "C:\Users\Root\AppData\Roaming\Python\Python312\site-packages\flask\app.py", line 919, in full_dispatch_request
    rv = self.handle_user_exception(e)
         ^^^^^^^^^^^^^^^^^^^^^^^^^^^^^
  File "C:\Users\Root\AppData\Roaming\Python\Python312\site-packages\flask\app.py", line 917, in full_dispatch_request
    rv = self.dispatch_request()
         ^^^^^^^^^^^^^^^^^^^^^^^
  File "C:\Users\Root\AppData\Roaming\Python\Python312\site-packages\flask\app.py", line 902, in dispatch_request
    return self.ensure_sync(self.view_functions[rule.endpoint])(**view_args)  # type: ignore[no-any-return]
           ^^^^^^^^^^^^^^^^^^^^^^^^^^^^^^^^^^^^^^^^^^^^^^^^^^^^^^^^^^^^^^^^^
  File "C:\Users\Root\Desktop\Test\app.py", line 191, in inner
    return fn(*a,**k)
           ^^^^^^^^^^
  File "C:\Users\Root\Desktop\Test\app.py", line 389, in settings_page
    return render_template('settings.html',settings=stg,config=cfg,
           ^^^^^^^^^^^^^^^^^^^^^^^^^^^^^^^^^^^^^^^^^^^^^^^^^^^^^^^^
  File "C:\Users\Root\AppData\Roaming\Python\Python312\site-packages\flask\templating.py", line 150, in render_template
    return _render(app, template, context)
           ^^^^^^^^^^^^^^^^^^^^^^^^^^^^^^^
  File "C:\Users\Root\AppData\Roaming\Python\Python312\site-packages\flask\templating.py", line 131, in _render
    rv = template.render(context)
         ^^^^^^^^^^^^^^^^^^^^^^^^
  File "C:\Users\Root\AppData\Roaming\Python\Python312\site-packages\jinja2\environment.py", line 1304, in render
    self.environment.handle_exception()
  File "C:\Users\Root\AppData\Roaming\Python\Python312\site-packages\jinja2\environment.py", line 939, in handle_exception
    raise rewrite_traceback_stack(source=source)
  File "C:\Users\Root\Desktop\Test\templates\settings.html", line 1, in top-level template code
    {% extends "base.html" %}
  File "C:\Users\Root\Desktop\Test\templates\base.html", line 31, in top-level template code
    {% block content %}{% endblock %}
    ^^^^^^^^^^^^^^^^^^^^^^^^^
  File "C:\Users\Root\Desktop\Test\templates\settings.html", line 118, in block 'content'
    <a href="{{ url_for('download_csv_example') }}" class="settings-button-item button-like">Download Sample</a>
    ^^^^^^^^^^^^^^^^^^^^^^^^^
  File "C:\Users\Root\AppData\Roaming\Python\Python312\site-packages\flask\app.py", line 1121, in url_for
    return self.handle_url_build_error(error, endpoint, values)
           ^^^^^^^^^^^^^^^^^^^^^^^^^^^^^^^^^^^^^^^^^^^^^^^^^^^^
  File "C:\Users\Root\AppData\Roaming\Python\Python312\site-packages\flask\app.py", line 1110, in url_for
    rv = url_adapter.build(  # type: ignore[union-attr]
         ^^^^^^^^^^^^^^^^^^^^^^^^^^^^^^^^^^^^^^^^^^^^^^
  File "C:\Users\Root\AppData\Roaming\Python\Python312\site-packages\werkzeug\routing\map.py", line 924, in build
    raise BuildError(endpoint, values, method, self)
werkzeug.routing.exceptions.BuildError: Could not build url for endpoint 'download_csv_example'. Did you mean 'dl_sample' instead?
2025-05-25 21:07:44,141 ERROR: Exception on / [GET]
Traceback (most recent call last):
  File "C:\Users\Root\AppData\Roaming\Python\Python312\site-packages\flask\app.py", line 1511, in wsgi_app
    response = self.full_dispatch_request()
               ^^^^^^^^^^^^^^^^^^^^^^^^^^^^
  File "C:\Users\Root\AppData\Roaming\Python\Python312\site-packages\flask\app.py", line 919, in full_dispatch_request
    rv = self.handle_user_exception(e)
         ^^^^^^^^^^^^^^^^^^^^^^^^^^^^^
  File "C:\Users\Root\AppData\Roaming\Python\Python312\site-packages\flask\app.py", line 917, in full_dispatch_request
    rv = self.dispatch_request()
         ^^^^^^^^^^^^^^^^^^^^^^^
  File "C:\Users\Root\AppData\Roaming\Python\Python312\site-packages\flask\app.py", line 902, in dispatch_request
    return self.ensure_sync(self.view_functions[rule.endpoint])(**view_args)  # type: ignore[no-any-return]
           ^^^^^^^^^^^^^^^^^^^^^^^^^^^^^^^^^^^^^^^^^^^^^^^^^^^^^^^^^^^^^^^^^
  File "C:\Users\Root\AppData\Roaming\Python\Python312\site-packages\flask_limiter\extension.py", line 1314, in __inner
    return cast(R, flask.current_app.ensure_sync(obj)(*a, **k))
                   ^^^^^^^^^^^^^^^^^^^^^^^^^^^^^^^^^^^^^^^^^^^
  File "C:\Users\Root\Desktop\Test\app.py", line 264, in index
    return render_template('index.html',
           ^^^^^^^^^^^^^^^^^^^^^^^^^^^^^
  File "C:\Users\Root\AppData\Roaming\Python\Python312\site-packages\flask\templating.py", line 150, in render_template
    return _render(app, template, context)
           ^^^^^^^^^^^^^^^^^^^^^^^^^^^^^^^
  File "C:\Users\Root\AppData\Roaming\Python\Python312\site-packages\flask\templating.py", line 131, in _render
    rv = template.render(context)
         ^^^^^^^^^^^^^^^^^^^^^^^^
  File "C:\Users\Root\AppData\Roaming\Python\Python312\site-packages\jinja2\environment.py", line 1304, in render
    self.environment.handle_exception()
  File "C:\Users\Root\AppData\Roaming\Python\Python312\site-packages\jinja2\environment.py", line 939, in handle_exception
    raise rewrite_traceback_stack(source=source)
  File "C:\Users\Root\Desktop\Test\templates\index.html", line 1, in top-level template code
    {% extends "base.html" %}
  File "C:\Users\Root\Desktop\Test\templates\base.html", line 31, in top-level template code
    {% block content %}{% endblock %}
    ^^^^^^^^^^^^^^^^^^^^^^^^^
  File "C:\Users\Root\Desktop\Test\templates\index.html", line 52, in block 'content'
    <label for="terms">I accept the <a href="{{ url_for('terms') }}" target="_blank">Terms of Use</a> *</label>
    ^^^^^^^^^^^^^^^^^^^^^^^^^
  File "C:\Users\Root\AppData\Roaming\Python\Python312\site-packages\flask\app.py", line 1121, in url_for
    return self.handle_url_build_error(error, endpoint, values)
           ^^^^^^^^^^^^^^^^^^^^^^^^^^^^^^^^^^^^^^^^^^^^^^^^^^^^
  File "C:\Users\Root\AppData\Roaming\Python\Python312\site-packages\flask\app.py", line 1110, in url_for
    rv = url_adapter.build(  # type: ignore[union-attr]
         ^^^^^^^^^^^^^^^^^^^^^^^^^^^^^^^^^^^^^^^^^^^^^^
  File "C:\Users\Root\AppData\Roaming\Python\Python312\site-packages\werkzeug\routing\map.py", line 924, in build
    raise BuildError(endpoint, values, method, self)
werkzeug.routing.exceptions.BuildError: Could not build url for endpoint 'terms'. Did you mean 'pin_entry' instead?
2025-05-25 21:07:44,163 INFO: 127.0.0.1 - GET / 500
2025-05-25 21:07:45,937 ERROR: Exception on / [GET]
Traceback (most recent call last):
  File "C:\Users\Root\AppData\Roaming\Python\Python312\site-packages\flask\app.py", line 1511, in wsgi_app
    response = self.full_dispatch_request()
               ^^^^^^^^^^^^^^^^^^^^^^^^^^^^
  File "C:\Users\Root\AppData\Roaming\Python\Python312\site-packages\flask\app.py", line 919, in full_dispatch_request
    rv = self.handle_user_exception(e)
         ^^^^^^^^^^^^^^^^^^^^^^^^^^^^^
  File "C:\Users\Root\AppData\Roaming\Python\Python312\site-packages\flask\app.py", line 917, in full_dispatch_request
    rv = self.dispatch_request()
         ^^^^^^^^^^^^^^^^^^^^^^^
  File "C:\Users\Root\AppData\Roaming\Python\Python312\site-packages\flask\app.py", line 902, in dispatch_request
    return self.ensure_sync(self.view_functions[rule.endpoint])(**view_args)  # type: ignore[no-any-return]
           ^^^^^^^^^^^^^^^^^^^^^^^^^^^^^^^^^^^^^^^^^^^^^^^^^^^^^^^^^^^^^^^^^
  File "C:\Users\Root\AppData\Roaming\Python\Python312\site-packages\flask_limiter\extension.py", line 1314, in __inner
    return cast(R, flask.current_app.ensure_sync(obj)(*a, **k))
                   ^^^^^^^^^^^^^^^^^^^^^^^^^^^^^^^^^^^^^^^^^^^
  File "C:\Users\Root\Desktop\Test\app.py", line 264, in index
    return render_template('index.html',
           ^^^^^^^^^^^^^^^^^^^^^^^^^^^^^
  File "C:\Users\Root\AppData\Roaming\Python\Python312\site-packages\flask\templating.py", line 150, in render_template
    return _render(app, template, context)
           ^^^^^^^^^^^^^^^^^^^^^^^^^^^^^^^
  File "C:\Users\Root\AppData\Roaming\Python\Python312\site-packages\flask\templating.py", line 131, in _render
    rv = template.render(context)
         ^^^^^^^^^^^^^^^^^^^^^^^^
  File "C:\Users\Root\AppData\Roaming\Python\Python312\site-packages\jinja2\environment.py", line 1304, in render
    self.environment.handle_exception()
  File "C:\Users\Root\AppData\Roaming\Python\Python312\site-packages\jinja2\environment.py", line 939, in handle_exception
    raise rewrite_traceback_stack(source=source)
  File "C:\Users\Root\Desktop\Test\templates\index.html", line 1, in top-level template code
    {% extends "base.html" %}
  File "C:\Users\Root\Desktop\Test\templates\base.html", line 31, in top-level template code
    {% block content %}{% endblock %}
    ^^^^^^^^^^^^^^^^^^^^^^^^^
  File "C:\Users\Root\Desktop\Test\templates\index.html", line 52, in block 'content'
    <label for="terms">I accept the <a href="{{ url_for('terms') }}" target="_blank">Terms of Use</a> *</label>
    ^^^^^^^^^^^^^^^^^^^^^^^^^
  File "C:\Users\Root\AppData\Roaming\Python\Python312\site-packages\flask\app.py", line 1121, in url_for
    return self.handle_url_build_error(error, endpoint, values)
           ^^^^^^^^^^^^^^^^^^^^^^^^^^^^^^^^^^^^^^^^^^^^^^^^^^^^
  File "C:\Users\Root\AppData\Roaming\Python\Python312\site-packages\flask\app.py", line 1110, in url_for
    rv = url_adapter.build(  # type: ignore[union-attr]
         ^^^^^^^^^^^^^^^^^^^^^^^^^^^^^^^^^^^^^^^^^^^^^^
  File "C:\Users\Root\AppData\Roaming\Python\Python312\site-packages\werkzeug\routing\map.py", line 924, in build
    raise BuildError(endpoint, values, method, self)
werkzeug.routing.exceptions.BuildError: Could not build url for endpoint 'terms'. Did you mean 'pin_entry' instead?
2025-05-25 21:07:45,942 INFO: 127.0.0.1 - GET / 500
2025-05-25 21:07:45,980 INFO: 127.0.0.1 - GET /favicon.ico 304
2025-05-25 21:07:47,458 ERROR: Exception on / [GET]
Traceback (most recent call last):
  File "C:\Users\Root\AppData\Roaming\Python\Python312\site-packages\flask\app.py", line 1511, in wsgi_app
    response = self.full_dispatch_request()
               ^^^^^^^^^^^^^^^^^^^^^^^^^^^^
  File "C:\Users\Root\AppData\Roaming\Python\Python312\site-packages\flask\app.py", line 919, in full_dispatch_request
    rv = self.handle_user_exception(e)
         ^^^^^^^^^^^^^^^^^^^^^^^^^^^^^
  File "C:\Users\Root\AppData\Roaming\Python\Python312\site-packages\flask\app.py", line 917, in full_dispatch_request
    rv = self.dispatch_request()
         ^^^^^^^^^^^^^^^^^^^^^^^
  File "C:\Users\Root\AppData\Roaming\Python\Python312\site-packages\flask\app.py", line 902, in dispatch_request
    return self.ensure_sync(self.view_functions[rule.endpoint])(**view_args)  # type: ignore[no-any-return]
           ^^^^^^^^^^^^^^^^^^^^^^^^^^^^^^^^^^^^^^^^^^^^^^^^^^^^^^^^^^^^^^^^^
  File "C:\Users\Root\AppData\Roaming\Python\Python312\site-packages\flask_limiter\extension.py", line 1314, in __inner
    return cast(R, flask.current_app.ensure_sync(obj)(*a, **k))
                   ^^^^^^^^^^^^^^^^^^^^^^^^^^^^^^^^^^^^^^^^^^^
  File "C:\Users\Root\Desktop\Test\app.py", line 264, in index
    return render_template('index.html',
           ^^^^^^^^^^^^^^^^^^^^^^^^^^^^^
  File "C:\Users\Root\AppData\Roaming\Python\Python312\site-packages\flask\templating.py", line 150, in render_template
    return _render(app, template, context)
           ^^^^^^^^^^^^^^^^^^^^^^^^^^^^^^^
  File "C:\Users\Root\AppData\Roaming\Python\Python312\site-packages\flask\templating.py", line 131, in _render
    rv = template.render(context)
         ^^^^^^^^^^^^^^^^^^^^^^^^
  File "C:\Users\Root\AppData\Roaming\Python\Python312\site-packages\jinja2\environment.py", line 1304, in render
    self.environment.handle_exception()
  File "C:\Users\Root\AppData\Roaming\Python\Python312\site-packages\jinja2\environment.py", line 939, in handle_exception
    raise rewrite_traceback_stack(source=source)
  File "C:\Users\Root\Desktop\Test\templates\index.html", line 1, in top-level template code
    {% extends "base.html" %}
  File "C:\Users\Root\Desktop\Test\templates\base.html", line 31, in top-level template code
    {% block content %}{% endblock %}
    ^^^^^^^^^^^^^^^^^^^^^^^^^
  File "C:\Users\Root\Desktop\Test\templates\index.html", line 52, in block 'content'
    <label for="terms">I accept the <a href="{{ url_for('terms') }}" target="_blank">Terms of Use</a> *</label>
    ^^^^^^^^^^^^^^^^^^^^^^^^^
  File "C:\Users\Root\AppData\Roaming\Python\Python312\site-packages\flask\app.py", line 1121, in url_for
    return self.handle_url_build_error(error, endpoint, values)
           ^^^^^^^^^^^^^^^^^^^^^^^^^^^^^^^^^^^^^^^^^^^^^^^^^^^^
  File "C:\Users\Root\AppData\Roaming\Python\Python312\site-packages\flask\app.py", line 1110, in url_for
    rv = url_adapter.build(  # type: ignore[union-attr]
         ^^^^^^^^^^^^^^^^^^^^^^^^^^^^^^^^^^^^^^^^^^^^^^
  File "C:\Users\Root\AppData\Roaming\Python\Python312\site-packages\werkzeug\routing\map.py", line 924, in build
    raise BuildError(endpoint, values, method, self)
werkzeug.routing.exceptions.BuildError: Could not build url for endpoint 'terms'. Did you mean 'pin_entry' instead?
2025-05-25 21:07:47,462 INFO: 127.0.0.1 - GET / 500
2025-05-25 21:07:47,487 INFO: 127.0.0.1 - GET /favicon.ico 304
2025-05-25 21:07:47,935 ERROR: Exception on / [GET]
Traceback (most recent call last):
  File "C:\Users\Root\AppData\Roaming\Python\Python312\site-packages\flask\app.py", line 1511, in wsgi_app
    response = self.full_dispatch_request()
               ^^^^^^^^^^^^^^^^^^^^^^^^^^^^
  File "C:\Users\Root\AppData\Roaming\Python\Python312\site-packages\flask\app.py", line 919, in full_dispatch_request
    rv = self.handle_user_exception(e)
         ^^^^^^^^^^^^^^^^^^^^^^^^^^^^^
  File "C:\Users\Root\AppData\Roaming\Python\Python312\site-packages\flask\app.py", line 917, in full_dispatch_request
    rv = self.dispatch_request()
         ^^^^^^^^^^^^^^^^^^^^^^^
  File "C:\Users\Root\AppData\Roaming\Python\Python312\site-packages\flask\app.py", line 902, in dispatch_request
    return self.ensure_sync(self.view_functions[rule.endpoint])(**view_args)  # type: ignore[no-any-return]
           ^^^^^^^^^^^^^^^^^^^^^^^^^^^^^^^^^^^^^^^^^^^^^^^^^^^^^^^^^^^^^^^^^
  File "C:\Users\Root\AppData\Roaming\Python\Python312\site-packages\flask_limiter\extension.py", line 1314, in __inner
    return cast(R, flask.current_app.ensure_sync(obj)(*a, **k))
                   ^^^^^^^^^^^^^^^^^^^^^^^^^^^^^^^^^^^^^^^^^^^
  File "C:\Users\Root\Desktop\Test\app.py", line 264, in index
    return render_template('index.html',
           ^^^^^^^^^^^^^^^^^^^^^^^^^^^^^
  File "C:\Users\Root\AppData\Roaming\Python\Python312\site-packages\flask\templating.py", line 150, in render_template
    return _render(app, template, context)
           ^^^^^^^^^^^^^^^^^^^^^^^^^^^^^^^
  File "C:\Users\Root\AppData\Roaming\Python\Python312\site-packages\flask\templating.py", line 131, in _render
    rv = template.render(context)
         ^^^^^^^^^^^^^^^^^^^^^^^^
  File "C:\Users\Root\AppData\Roaming\Python\Python312\site-packages\jinja2\environment.py", line 1304, in render
    self.environment.handle_exception()
  File "C:\Users\Root\AppData\Roaming\Python\Python312\site-packages\jinja2\environment.py", line 939, in handle_exception
    raise rewrite_traceback_stack(source=source)
  File "C:\Users\Root\Desktop\Test\templates\index.html", line 1, in top-level template code
    {% extends "base.html" %}
  File "C:\Users\Root\Desktop\Test\templates\base.html", line 31, in top-level template code
    {% block content %}{% endblock %}
    ^^^^^^^^^^^^^^^^^^^^^^^^^
  File "C:\Users\Root\Desktop\Test\templates\index.html", line 52, in block 'content'
    <label for="terms">I accept the <a href="{{ url_for('terms') }}" target="_blank">Terms of Use</a> *</label>
    ^^^^^^^^^^^^^^^^^^^^^^^^^
  File "C:\Users\Root\AppData\Roaming\Python\Python312\site-packages\flask\app.py", line 1121, in url_for
    return self.handle_url_build_error(error, endpoint, values)
           ^^^^^^^^^^^^^^^^^^^^^^^^^^^^^^^^^^^^^^^^^^^^^^^^^^^^
  File "C:\Users\Root\AppData\Roaming\Python\Python312\site-packages\flask\app.py", line 1110, in url_for
    rv = url_adapter.build(  # type: ignore[union-attr]
         ^^^^^^^^^^^^^^^^^^^^^^^^^^^^^^^^^^^^^^^^^^^^^^
  File "C:\Users\Root\AppData\Roaming\Python\Python312\site-packages\werkzeug\routing\map.py", line 924, in build
    raise BuildError(endpoint, values, method, self)
werkzeug.routing.exceptions.BuildError: Could not build url for endpoint 'terms'. Did you mean 'pin_entry' instead?
2025-05-25 21:07:47,940 INFO: 127.0.0.1 - GET / 500
2025-05-25 21:07:47,966 INFO: 127.0.0.1 - GET /favicon.ico 304
2025-05-25 21:07:58,830 ERROR: Exception on / [GET]
Traceback (most recent call last):
  File "C:\Users\Root\AppData\Roaming\Python\Python312\site-packages\flask\app.py", line 1511, in wsgi_app
    response = self.full_dispatch_request()
               ^^^^^^^^^^^^^^^^^^^^^^^^^^^^
  File "C:\Users\Root\AppData\Roaming\Python\Python312\site-packages\flask\app.py", line 919, in full_dispatch_request
    rv = self.handle_user_exception(e)
         ^^^^^^^^^^^^^^^^^^^^^^^^^^^^^
  File "C:\Users\Root\AppData\Roaming\Python\Python312\site-packages\flask\app.py", line 917, in full_dispatch_request
    rv = self.dispatch_request()
         ^^^^^^^^^^^^^^^^^^^^^^^
  File "C:\Users\Root\AppData\Roaming\Python\Python312\site-packages\flask\app.py", line 902, in dispatch_request
    return self.ensure_sync(self.view_functions[rule.endpoint])(**view_args)  # type: ignore[no-any-return]
           ^^^^^^^^^^^^^^^^^^^^^^^^^^^^^^^^^^^^^^^^^^^^^^^^^^^^^^^^^^^^^^^^^
  File "C:\Users\Root\AppData\Roaming\Python\Python312\site-packages\flask_limiter\extension.py", line 1314, in __inner
    return cast(R, flask.current_app.ensure_sync(obj)(*a, **k))
                   ^^^^^^^^^^^^^^^^^^^^^^^^^^^^^^^^^^^^^^^^^^^
  File "C:\Users\Root\Desktop\Test\app.py", line 264, in index
    return render_template('index.html',
           ^^^^^^^^^^^^^^^^^^^^^^^^^^^^^
  File "C:\Users\Root\AppData\Roaming\Python\Python312\site-packages\flask\templating.py", line 150, in render_template
    return _render(app, template, context)
           ^^^^^^^^^^^^^^^^^^^^^^^^^^^^^^^
  File "C:\Users\Root\AppData\Roaming\Python\Python312\site-packages\flask\templating.py", line 131, in _render
    rv = template.render(context)
         ^^^^^^^^^^^^^^^^^^^^^^^^
  File "C:\Users\Root\AppData\Roaming\Python\Python312\site-packages\jinja2\environment.py", line 1304, in render
    self.environment.handle_exception()
  File "C:\Users\Root\AppData\Roaming\Python\Python312\site-packages\jinja2\environment.py", line 939, in handle_exception
    raise rewrite_traceback_stack(source=source)
  File "C:\Users\Root\Desktop\Test\templates\index.html", line 1, in top-level template code
    {% extends "base.html" %}
  File "C:\Users\Root\Desktop\Test\templates\base.html", line 31, in top-level template code
    {% block content %}{% endblock %}
    ^^^^^^^^^^^^^^^^^^^^^^^^^
  File "C:\Users\Root\Desktop\Test\templates\index.html", line 52, in block 'content'
    <label for="terms">I accept the <a href="{{ url_for('terms') }}" target="_blank">Terms of Use</a> *</label>
    ^^^^^^^^^^^^^^^^^^^^^^^^^
  File "C:\Users\Root\AppData\Roaming\Python\Python312\site-packages\flask\app.py", line 1121, in url_for
    return self.handle_url_build_error(error, endpoint, values)
           ^^^^^^^^^^^^^^^^^^^^^^^^^^^^^^^^^^^^^^^^^^^^^^^^^^^^
  File "C:\Users\Root\AppData\Roaming\Python\Python312\site-packages\flask\app.py", line 1110, in url_for
    rv = url_adapter.build(  # type: ignore[union-attr]
         ^^^^^^^^^^^^^^^^^^^^^^^^^^^^^^^^^^^^^^^^^^^^^^
  File "C:\Users\Root\AppData\Roaming\Python\Python312\site-packages\werkzeug\routing\map.py", line 924, in build
    raise BuildError(endpoint, values, method, self)
werkzeug.routing.exceptions.BuildError: Could not build url for endpoint 'terms'. Did you mean 'pin_entry' instead?
2025-05-25 21:07:58,836 INFO: 127.0.0.1 - GET / 500
2025-05-25 21:07:58,860 INFO: 127.0.0.1 - GET /favicon.ico 304
2025-05-25 21:11:43,156 INFO: 127.0.0.1 GET / 200
2025-05-25 21:11:43,278 INFO: 127.0.0.1 GET /static/style.css 304
2025-05-25 21:11:43,279 INFO: 127.0.0.1 GET /logo 304
2025-05-25 21:11:43,299 INFO: 127.0.0.1 GET /favicon.ico 304
2025-05-25 21:11:47,149 INFO: 127.0.0.1 GET /admin/pin 200
2025-05-25 21:11:47,168 INFO: 127.0.0.1 GET /static/style.css 304
2025-05-25 21:11:47,184 INFO: 127.0.0.1 GET /favicon.ico 304
2025-05-25 21:11:50,357 INFO: 127.0.0.1 POST /admin/pin 302
2025-05-25 21:11:50,380 INFO: 127.0.0.1 GET /admin/settings 200
2025-05-25 21:11:50,401 INFO: 127.0.0.1 GET /static/style.css 304
2025-05-25 21:11:50,431 INFO: 127.0.0.1 GET /favicon.ico 304
2025-05-25 21:11:54,694 INFO: 127.0.0.1 POST /admin/settings 302
2025-05-25 21:11:54,700 INFO: 127.0.0.1 GET /admin/settings 200
2025-05-25 21:11:54,716 INFO: 127.0.0.1 GET /static/style.css 304
2025-05-25 21:11:54,743 INFO: 127.0.0.1 GET /favicon.ico 304
2025-05-25 21:12:18,546 INFO: 127.0.0.1 POST /admin/settings 302
2025-05-25 21:12:18,552 INFO: 127.0.0.1 GET /admin/settings 200
2025-05-25 21:12:18,570 INFO: 127.0.0.1 GET /static/style.css 304
2025-05-25 21:12:18,591 INFO: 127.0.0.1 GET /favicon.ico 304
